mode: set
github.com/jvalinsky/mr_valinskys_adequate_bridge/internal/ssb/muxrpc/muxrpc.go:18.38,19.11 1 0
github.com/jvalinsky/mr_valinskys_adequate_bridge/internal/ssb/muxrpc/muxrpc.go:20.34,21.26 1 0
github.com/jvalinsky/mr_valinskys_adequate_bridge/internal/ssb/muxrpc/muxrpc.go:22.10,23.11 1 0
github.com/jvalinsky/mr_valinskys_adequate_bridge/internal/ssb/muxrpc/muxrpc.go:35.43,36.12 1 0
github.com/jvalinsky/mr_valinskys_adequate_bridge/internal/ssb/muxrpc/muxrpc.go:37.18,38.18 1 0
github.com/jvalinsky/mr_valinskys_adequate_bridge/internal/ssb/muxrpc/muxrpc.go:39.18,40.18 1 0
github.com/jvalinsky/mr_valinskys_adequate_bridge/internal/ssb/muxrpc/muxrpc.go:41.16,42.16 1 0
github.com/jvalinsky/mr_valinskys_adequate_bridge/internal/ssb/muxrpc/muxrpc.go:43.10,44.19 1 0
github.com/jvalinsky/mr_valinskys_adequate_bridge/internal/ssb/muxrpc/muxrpc.go:50.42,52.2 1 0
github.com/jvalinsky/mr_valinskys_adequate_bridge/internal/ssb/muxrpc/muxrpc.go:54.61,55.19 1 0
github.com/jvalinsky/mr_valinskys_adequate_bridge/internal/ssb/muxrpc/muxrpc.go:55.19,57.3 1 0
github.com/jvalinsky/mr_valinskys_adequate_bridge/internal/ssb/muxrpc/muxrpc.go:58.2,58.12 1 0
github.com/jvalinsky/mr_valinskys_adequate_bridge/internal/ssb/muxrpc/muxrpc.go:59.18,60.16 1 0
github.com/jvalinsky/mr_valinskys_adequate_bridge/internal/ssb/muxrpc/muxrpc.go:61.18,62.31 1 0
github.com/jvalinsky/mr_valinskys_adequate_bridge/internal/ssb/muxrpc/muxrpc.go:63.16,64.29 1 0
github.com/jvalinsky/mr_valinskys_adequate_bridge/internal/ssb/muxrpc/muxrpc.go:65.10,66.66 1 0
github.com/jvalinsky/mr_valinskys_adequate_bridge/internal/ssb/muxrpc/muxrpc.go:72.33,74.2 1 0
github.com/jvalinsky/mr_valinskys_adequate_bridge/internal/ssb/muxrpc/muxrpc.go:76.35,78.2 1 0
github.com/jvalinsky/mr_valinskys_adequate_bridge/internal/ssb/muxrpc/muxrpc.go:90.46,91.37 1 0
github.com/jvalinsky/mr_valinskys_adequate_bridge/internal/ssb/muxrpc/muxrpc.go:91.37,93.3 1 0
github.com/jvalinsky/mr_valinskys_adequate_bridge/internal/ssb/muxrpc/muxrpc.go:94.2,94.32 1 0
github.com/jvalinsky/mr_valinskys_adequate_bridge/internal/ssb/muxrpc/muxrpc.go:94.32,95.19 1 0
github.com/jvalinsky/mr_valinskys_adequate_bridge/internal/ssb/muxrpc/muxrpc.go:95.19,97.4 1 0
github.com/jvalinsky/mr_valinskys_adequate_bridge/internal/ssb/muxrpc/muxrpc.go:99.2,99.14 1 0
github.com/jvalinsky/mr_valinskys_adequate_bridge/internal/ssb/muxrpc/muxrpc.go:102.69,103.39 1 0
github.com/jvalinsky/mr_valinskys_adequate_bridge/internal/ssb/muxrpc/muxrpc.go:103.39,106.9 3 0
github.com/jvalinsky/mr_valinskys_adequate_bridge/internal/ssb/muxrpc/muxrpc.go:106.9,109.4 2 0
github.com/jvalinsky/mr_valinskys_adequate_bridge/internal/ssb/muxrpc/muxrpc.go:111.2,111.66 1 0
github.com/jvalinsky/mr_valinskys_adequate_bridge/internal/ssb/muxrpc/muxrpc.go:114.72,115.32 1 0
github.com/jvalinsky/mr_valinskys_adequate_bridge/internal/ssb/muxrpc/muxrpc.go:115.32,117.3 1 0
github.com/jvalinsky/mr_valinskys_adequate_bridge/internal/ssb/muxrpc/muxrpc.go:120.53,121.24 1 0
github.com/jvalinsky/mr_valinskys_adequate_bridge/internal/ssb/muxrpc/muxrpc.go:121.24,123.3 1 0
github.com/jvalinsky/mr_valinskys_adequate_bridge/internal/ssb/muxrpc/muxrpc.go:124.2,124.29 1 0
github.com/jvalinsky/mr_valinskys_adequate_bridge/internal/ssb/muxrpc/muxrpc.go:153.40,155.2 1 0
github.com/jvalinsky/mr_valinskys_adequate_bridge/internal/ssb/muxrpc/muxrpc.go:157.42,159.2 1 0
github.com/jvalinsky/mr_valinskys_adequate_bridge/internal/ssb/muxrpc/muxrpc.go:161.55,162.50 1 0
github.com/jvalinsky/mr_valinskys_adequate_bridge/internal/ssb/muxrpc/muxrpc.go:162.50,164.3 1 0
github.com/jvalinsky/mr_valinskys_adequate_bridge/internal/ssb/muxrpc/muxrpc.go:165.2,165.22 1 0
github.com/jvalinsky/mr_valinskys_adequate_bridge/internal/ssb/muxrpc/muxrpc.go:168.59,169.48 1 0
github.com/jvalinsky/mr_valinskys_adequate_bridge/internal/ssb/muxrpc/muxrpc.go:169.48,171.3 1 0
github.com/jvalinsky/mr_valinskys_adequate_bridge/internal/ssb/muxrpc/muxrpc.go:172.2,172.24 1 0
github.com/jvalinsky/mr_valinskys_adequate_bridge/internal/ssb/muxrpc/muxrpc.go:175.70,176.47 1 0
github.com/jvalinsky/mr_valinskys_adequate_bridge/internal/ssb/muxrpc/muxrpc.go:176.47,178.3 1 0
github.com/jvalinsky/mr_valinskys_adequate_bridge/internal/ssb/muxrpc/muxrpc.go:180.2,182.24 3 0
github.com/jvalinsky/mr_valinskys_adequate_bridge/internal/ssb/muxrpc/muxrpc.go:183.14,185.17 2 0
github.com/jvalinsky/mr_valinskys_adequate_bridge/internal/ssb/muxrpc/muxrpc.go:186.14,188.9 2 0
github.com/jvalinsky/mr_valinskys_adequate_bridge/internal/ssb/muxrpc/muxrpc.go:189.10,192.17 3 0
github.com/jvalinsky/mr_valinskys_adequate_bridge/internal/ssb/muxrpc/muxrpc.go:192.17,194.4 1 0
github.com/jvalinsky/mr_valinskys_adequate_bridge/internal/ssb/muxrpc/muxrpc.go:197.2,197.45 1 0
github.com/jvalinsky/mr_valinskys_adequate_bridge/internal/ssb/muxrpc/muxrpc.go:197.45,199.3 1 0
github.com/jvalinsky/mr_valinskys_adequate_bridge/internal/ssb/muxrpc/muxrpc.go:201.2,201.20 1 0
github.com/jvalinsky/mr_valinskys_adequate_bridge/internal/ssb/muxrpc/muxrpc.go:204.54,205.35 1 0
github.com/jvalinsky/mr_valinskys_adequate_bridge/internal/ssb/muxrpc/muxrpc.go:205.35,206.24 1 0
github.com/jvalinsky/mr_valinskys_adequate_bridge/internal/ssb/muxrpc/muxrpc.go:206.24,208.4 1 0
github.com/jvalinsky/mr_valinskys_adequate_bridge/internal/ssb/muxrpc/muxrpc.go:209.3,209.22 1 0
github.com/jvalinsky/mr_valinskys_adequate_bridge/internal/ssb/muxrpc/muxrpc.go:209.22,211.4 1 0
github.com/jvalinsky/mr_valinskys_adequate_bridge/internal/ssb/muxrpc/muxrpc.go:212.8,213.24 1 0
github.com/jvalinsky/mr_valinskys_adequate_bridge/internal/ssb/muxrpc/muxrpc.go:213.24,215.4 1 0
github.com/jvalinsky/mr_valinskys_adequate_bridge/internal/ssb/muxrpc/muxrpc.go:216.3,216.22 1 0
github.com/jvalinsky/mr_valinskys_adequate_bridge/internal/ssb/muxrpc/muxrpc.go:216.22,218.4 1 0
github.com/jvalinsky/mr_valinskys_adequate_bridge/internal/ssb/muxrpc/muxrpc.go:220.2,220.25 1 0
github.com/jvalinsky/mr_valinskys_adequate_bridge/internal/ssb/muxrpc/muxrpc.go:220.25,222.3 1 0
github.com/jvalinsky/mr_valinskys_adequate_bridge/internal/ssb/muxrpc/muxrpc.go:223.2,223.12 1 0
github.com/jvalinsky/mr_valinskys_adequate_bridge/internal/ssb/muxrpc/muxrpc.go:226.35,228.2 1 0
github.com/jvalinsky/mr_valinskys_adequate_bridge/internal/ssb/muxrpc/muxrpc.go:249.87,263.2 5 0
github.com/jvalinsky/mr_valinskys_adequate_bridge/internal/ssb/muxrpc/muxrpc.go:267.93,269.2 1 0
github.com/jvalinsky/mr_valinskys_adequate_bridge/internal/ssb/muxrpc/muxrpc.go:271.33,273.2 1 0
github.com/jvalinsky/mr_valinskys_adequate_bridge/internal/ssb/muxrpc/muxrpc.go:275.33,277.2 1 0
github.com/jvalinsky/mr_valinskys_adequate_bridge/internal/ssb/muxrpc/muxrpc.go:279.51,284.9 4 0
github.com/jvalinsky/mr_valinskys_adequate_bridge/internal/ssb/muxrpc/muxrpc.go:285.30,285.30 0 0
github.com/jvalinsky/mr_valinskys_adequate_bridge/internal/ssb/muxrpc/muxrpc.go:286.10,286.10 0 0
github.com/jvalinsky/mr_valinskys_adequate_bridge/internal/ssb/muxrpc/muxrpc.go:288.2,288.12 1 0
github.com/jvalinsky/mr_valinskys_adequate_bridge/internal/ssb/muxrpc/muxrpc.go:291.40,297.2 5 0
github.com/jvalinsky/mr_valinskys_adequate_bridge/internal/ssb/muxrpc/muxrpc.go:299.23,300.6 1 0
github.com/jvalinsky/mr_valinskys_adequate_bridge/internal/ssb/muxrpc/muxrpc.go:300.6,302.17 2 0
github.com/jvalinsky/mr_valinskys_adequate_bridge/internal/ssb/muxrpc/muxrpc.go:302.17,303.66 1 0
github.com/jvalinsky/mr_valinskys_adequate_bridge/internal/ssb/muxrpc/muxrpc.go:303.66,305.5 1 0
github.com/jvalinsky/mr_valinskys_adequate_bridge/internal/ssb/muxrpc/muxrpc.go:306.4,306.12 1 0
github.com/jvalinsky/mr_valinskys_adequate_bridge/internal/ssb/muxrpc/muxrpc.go:308.3,308.22 1 0
github.com/jvalinsky/mr_valinskys_adequate_bridge/internal/ssb/muxrpc/muxrpc.go:312.24,313.6 1 0
github.com/jvalinsky/mr_valinskys_adequate_bridge/internal/ssb/muxrpc/muxrpc.go:313.6,314.10 1 0
github.com/jvalinsky/mr_valinskys_adequate_bridge/internal/ssb/muxrpc/muxrpc.go:315.23,316.10 1 0
github.com/jvalinsky/mr_valinskys_adequate_bridge/internal/ssb/muxrpc/muxrpc.go:317.19,318.39 1 0
github.com/jvalinsky/mr_valinskys_adequate_bridge/internal/ssb/muxrpc/muxrpc.go:318.39,320.5 1 0
github.com/jvalinsky/mr_valinskys_adequate_bridge/internal/ssb/muxrpc/muxrpc.go:325.45,326.15 1 0
github.com/jvalinsky/mr_valinskys_adequate_bridge/internal/ssb/muxrpc/muxrpc.go:326.15,342.22 6 0
github.com/jvalinsky/mr_valinskys_adequate_bridge/internal/ssb/muxrpc/muxrpc.go:342.22,343.54 1 0
github.com/jvalinsky/mr_valinskys_adequate_bridge/internal/ssb/muxrpc/muxrpc.go:343.54,345.5 1 0
github.com/jvalinsky/mr_valinskys_adequate_bridge/internal/ssb/muxrpc/muxrpc.go:348.3,348.23 1 0
github.com/jvalinsky/mr_valinskys_adequate_bridge/internal/ssb/muxrpc/muxrpc.go:348.23,350.4 1 0
github.com/jvalinsky/mr_valinskys_adequate_bridge/internal/ssb/muxrpc/muxrpc.go:351.8,355.9 4 0
github.com/jvalinsky/mr_valinskys_adequate_bridge/internal/ssb/muxrpc/muxrpc.go:355.9,356.52 1 0
github.com/jvalinsky/mr_valinskys_adequate_bridge/internal/ssb/muxrpc/muxrpc.go:356.53,357.5 0 0
github.com/jvalinsky/mr_valinskys_adequate_bridge/internal/ssb/muxrpc/muxrpc.go:358.4,358.69 1 0
github.com/jvalinsky/mr_valinskys_adequate_bridge/internal/ssb/muxrpc/muxrpc.go:358.69,361.5 2 0
github.com/jvalinsky/mr_valinskys_adequate_bridge/internal/ssb/muxrpc/muxrpc.go:366.41,370.2 3 0
github.com/jvalinsky/mr_valinskys_adequate_bridge/internal/ssb/muxrpc/muxrpc.go:372.123,374.16 2 0
github.com/jvalinsky/mr_valinskys_adequate_bridge/internal/ssb/muxrpc/muxrpc.go:374.16,376.3 1 0
github.com/jvalinsky/mr_valinskys_adequate_bridge/internal/ssb/muxrpc/muxrpc.go:378.2,379.33 2 0
github.com/jvalinsky/mr_valinskys_adequate_bridge/internal/ssb/muxrpc/muxrpc.go:379.33,381.3 1 0
github.com/jvalinsky/mr_valinskys_adequate_bridge/internal/ssb/muxrpc/muxrpc.go:383.2,383.50 1 0
github.com/jvalinsky/mr_valinskys_adequate_bridge/internal/ssb/muxrpc/muxrpc.go:383.50,384.48 1 0
github.com/jvalinsky/mr_valinskys_adequate_bridge/internal/ssb/muxrpc/muxrpc.go:384.48,386.4 1 0
github.com/jvalinsky/mr_valinskys_adequate_bridge/internal/ssb/muxrpc/muxrpc.go:389.2,389.12 1 0
github.com/jvalinsky/mr_valinskys_adequate_bridge/internal/ssb/muxrpc/muxrpc.go:392.122,394.2 1 0
github.com/jvalinsky/mr_valinskys_adequate_bridge/internal/ssb/muxrpc/muxrpc.go:396.137,398.16 2 0
github.com/jvalinsky/mr_valinskys_adequate_bridge/internal/ssb/muxrpc/muxrpc.go:398.16,400.3 1 0
github.com/jvalinsky/mr_valinskys_adequate_bridge/internal/ssb/muxrpc/muxrpc.go:402.2,421.19 9 0
github.com/jvalinsky/mr_valinskys_adequate_bridge/internal/ssb/muxrpc/muxrpc.go:421.19,423.3 1 0
github.com/jvalinsky/mr_valinskys_adequate_bridge/internal/ssb/muxrpc/muxrpc.go:425.2,426.16 2 0
github.com/jvalinsky/mr_valinskys_adequate_bridge/internal/ssb/muxrpc/muxrpc.go:426.16,428.3 1 0
github.com/jvalinsky/mr_valinskys_adequate_bridge/internal/ssb/muxrpc/muxrpc.go:430.2,435.22 2 0
github.com/jvalinsky/mr_valinskys_adequate_bridge/internal/ssb/muxrpc/muxrpc.go:435.22,437.3 1 0
github.com/jvalinsky/mr_valinskys_adequate_bridge/internal/ssb/muxrpc/muxrpc.go:438.2,438.47 1 0
github.com/jvalinsky/mr_valinskys_adequate_bridge/internal/ssb/muxrpc/muxrpc.go:438.47,440.3 1 0
github.com/jvalinsky/mr_valinskys_adequate_bridge/internal/ssb/muxrpc/muxrpc.go:442.2,442.43 1 0
github.com/jvalinsky/mr_valinskys_adequate_bridge/internal/ssb/muxrpc/muxrpc.go:442.43,444.3 1 0
github.com/jvalinsky/mr_valinskys_adequate_bridge/internal/ssb/muxrpc/muxrpc.go:446.2,450.17 4 0
github.com/jvalinsky/mr_valinskys_adequate_bridge/internal/ssb/muxrpc/muxrpc.go:453.118,455.2 1 0
github.com/jvalinsky/mr_valinskys_adequate_bridge/internal/ssb/muxrpc/muxrpc.go:457.133,459.2 1 0
github.com/jvalinsky/mr_valinskys_adequate_bridge/internal/ssb/muxrpc/muxrpc.go:469.30,477.2 1 0
github.com/jvalinsky/mr_valinskys_adequate_bridge/internal/ssb/muxrpc/muxrpc.go:479.56,481.87 2 0
github.com/jvalinsky/mr_valinskys_adequate_bridge/internal/ssb/muxrpc/muxrpc.go:481.87,483.3 1 0
github.com/jvalinsky/mr_valinskys_adequate_bridge/internal/ssb/muxrpc/muxrpc.go:484.2,484.21 1 0
github.com/jvalinsky/mr_valinskys_adequate_bridge/internal/ssb/muxrpc/muxrpc.go:487.47,489.2 1 0
github.com/jvalinsky/mr_valinskys_adequate_bridge/internal/ssb/muxrpc/muxrpc.go:491.48,493.2 1 0
github.com/jvalinsky/mr_valinskys_adequate_bridge/internal/ssb/muxrpc/muxrpc.go:495.46,497.2 1 0
github.com/jvalinsky/mr_valinskys_adequate_bridge/internal/ssb/muxrpc/muxrpc.go:499.48,501.2 1 0
github.com/jvalinsky/mr_valinskys_adequate_bridge/internal/ssb/muxrpc/muxrpc.go:503.46,505.2 1 0
github.com/jvalinsky/mr_valinskys_adequate_bridge/internal/ssb/muxrpc/muxrpc.go:507.45,516.25 4 0
github.com/jvalinsky/mr_valinskys_adequate_bridge/internal/ssb/muxrpc/muxrpc.go:516.25,518.3 1 0
github.com/jvalinsky/mr_valinskys_adequate_bridge/internal/ssb/muxrpc/muxrpc.go:519.2,519.25 1 0
github.com/jvalinsky/mr_valinskys_adequate_bridge/internal/ssb/muxrpc/muxrpc.go:519.25,521.3 1 0
github.com/jvalinsky/mr_valinskys_adequate_bridge/internal/ssb/muxrpc/muxrpc.go:523.2,524.26 2 0
github.com/jvalinsky/mr_valinskys_adequate_bridge/internal/ssb/muxrpc/muxrpc.go:524.26,526.3 1 0
github.com/jvalinsky/mr_valinskys_adequate_bridge/internal/ssb/muxrpc/muxrpc.go:527.2,527.26 1 0
github.com/jvalinsky/mr_valinskys_adequate_bridge/internal/ssb/muxrpc/muxrpc.go:527.26,529.3 1 0
github.com/jvalinsky/mr_valinskys_adequate_bridge/internal/ssb/muxrpc/muxrpc.go:531.2,532.24 2 0
github.com/jvalinsky/mr_valinskys_adequate_bridge/internal/ssb/muxrpc/muxrpc.go:532.24,534.3 1 0
github.com/jvalinsky/mr_valinskys_adequate_bridge/internal/ssb/muxrpc/muxrpc.go:535.2,535.24 1 0
github.com/jvalinsky/mr_valinskys_adequate_bridge/internal/ssb/muxrpc/muxrpc.go:535.24,537.3 1 0
github.com/jvalinsky/mr_valinskys_adequate_bridge/internal/ssb/muxrpc/muxrpc.go:539.2,540.26 2 0
github.com/jvalinsky/mr_valinskys_adequate_bridge/internal/ssb/muxrpc/muxrpc.go:540.26,542.3 1 0
github.com/jvalinsky/mr_valinskys_adequate_bridge/internal/ssb/muxrpc/muxrpc.go:543.2,543.26 1 0
github.com/jvalinsky/mr_valinskys_adequate_bridge/internal/ssb/muxrpc/muxrpc.go:543.26,545.3 1 0
github.com/jvalinsky/mr_valinskys_adequate_bridge/internal/ssb/muxrpc/muxrpc.go:547.2,547.30 1 0
github.com/jvalinsky/mr_valinskys_adequate_bridge/internal/ssb/muxrpc/packer.go:30.48,39.2 1 1
github.com/jvalinsky/mr_valinskys_adequate_bridge/internal/ssb/muxrpc/packer.go:41.41,45.2 3 1
github.com/jvalinsky/mr_valinskys_adequate_bridge/internal/ssb/muxrpc/packer.go:47.77,51.24 3 1
github.com/jvalinsky/mr_valinskys_adequate_bridge/internal/ssb/muxrpc/packer.go:51.24,56.3 4 0
github.com/jvalinsky/mr_valinskys_adequate_bridge/internal/ssb/muxrpc/packer.go:59.2,60.16 2 1
github.com/jvalinsky/mr_valinskys_adequate_bridge/internal/ssb/muxrpc/packer.go:60.16,66.3 5 1
github.com/jvalinsky/mr_valinskys_adequate_bridge/internal/ssb/muxrpc/packer.go:69.2,70.16 2 0
github.com/jvalinsky/mr_valinskys_adequate_bridge/internal/ssb/muxrpc/packer.go:70.16,72.3 1 0
github.com/jvalinsky/mr_valinskys_adequate_bridge/internal/ssb/muxrpc/packer.go:74.2,74.12 1 0
github.com/jvalinsky/mr_valinskys_adequate_bridge/internal/ssb/muxrpc/packer.go:77.75,81.24 3 1
github.com/jvalinsky/mr_valinskys_adequate_bridge/internal/ssb/muxrpc/packer.go:81.24,85.3 3 1
github.com/jvalinsky/mr_valinskys_adequate_bridge/internal/ssb/muxrpc/packer.go:88.2,89.16 2 0
github.com/jvalinsky/mr_valinskys_adequate_bridge/internal/ssb/muxrpc/packer.go:89.16,91.3 1 0
github.com/jvalinsky/mr_valinskys_adequate_bridge/internal/ssb/muxrpc/packer.go:92.2,92.31 1 0
github.com/jvalinsky/mr_valinskys_adequate_bridge/internal/ssb/muxrpc/packer.go:92.31,94.3 1 0
github.com/jvalinsky/mr_valinskys_adequate_bridge/internal/ssb/muxrpc/packer.go:97.2,97.27 1 0
github.com/jvalinsky/mr_valinskys_adequate_bridge/internal/ssb/muxrpc/packer.go:100.54,105.2 3 0
github.com/jvalinsky/mr_valinskys_adequate_bridge/internal/ssb/muxrpc/packer.go:107.65,109.2 1 1
github.com/jvalinsky/mr_valinskys_adequate_bridge/internal/ssb/muxrpc/packer.go:111.78,117.2 1 0
github.com/jvalinsky/mr_valinskys_adequate_bridge/internal/ssb/muxrpc/packer.go:119.34,123.9 3 1
github.com/jvalinsky/mr_valinskys_adequate_bridge/internal/ssb/muxrpc/packer.go:124.21,125.22 1 1
github.com/jvalinsky/mr_valinskys_adequate_bridge/internal/ssb/muxrpc/packer.go:126.10,126.10 0 1
github.com/jvalinsky/mr_valinskys_adequate_bridge/internal/ssb/muxrpc/packer.go:129.2,130.26 2 1
github.com/jvalinsky/mr_valinskys_adequate_bridge/internal/ssb/muxrpc/packer.go:130.26,133.3 2 1
github.com/jvalinsky/mr_valinskys_adequate_bridge/internal/ssb/muxrpc/packer.go:134.2,135.12 2 1
github.com/jvalinsky/mr_valinskys_adequate_bridge/internal/ssb/muxrpc/stream.go:32.53,41.2 3 0
github.com/jvalinsky/mr_valinskys_adequate_bridge/internal/ssb/muxrpc/stream.go:43.41,47.22 3 0
github.com/jvalinsky/mr_valinskys_adequate_bridge/internal/ssb/muxrpc/stream.go:47.22,49.3 1 0
github.com/jvalinsky/mr_valinskys_adequate_bridge/internal/ssb/muxrpc/stream.go:51.2,51.16 1 0
github.com/jvalinsky/mr_valinskys_adequate_bridge/internal/ssb/muxrpc/stream.go:51.16,53.3 1 0
github.com/jvalinsky/mr_valinskys_adequate_bridge/internal/ssb/muxrpc/stream.go:53.8,55.3 1 0
github.com/jvalinsky/mr_valinskys_adequate_bridge/internal/ssb/muxrpc/stream.go:56.2,56.18 1 0
github.com/jvalinsky/mr_valinskys_adequate_bridge/internal/ssb/muxrpc/stream.go:59.35,63.76 3 0
github.com/jvalinsky/mr_valinskys_adequate_bridge/internal/ssb/muxrpc/stream.go:63.76,65.3 1 0
github.com/jvalinsky/mr_valinskys_adequate_bridge/internal/ssb/muxrpc/stream.go:67.2,67.18 1 0
github.com/jvalinsky/mr_valinskys_adequate_bridge/internal/ssb/muxrpc/stream.go:70.54,72.44 2 0
github.com/jvalinsky/mr_valinskys_adequate_bridge/internal/ssb/muxrpc/stream.go:72.44,75.3 2 0
github.com/jvalinsky/mr_valinskys_adequate_bridge/internal/ssb/muxrpc/stream.go:76.2,76.23 1 0
github.com/jvalinsky/mr_valinskys_adequate_bridge/internal/ssb/muxrpc/stream.go:76.23,79.3 2 0
github.com/jvalinsky/mr_valinskys_adequate_bridge/internal/ssb/muxrpc/stream.go:80.2,82.9 2 0
github.com/jvalinsky/mr_valinskys_adequate_bridge/internal/ssb/muxrpc/stream.go:83.29,86.23 3 0
github.com/jvalinsky/mr_valinskys_adequate_bridge/internal/ssb/muxrpc/stream.go:86.23,88.4 1 0
github.com/jvalinsky/mr_valinskys_adequate_bridge/internal/ssb/muxrpc/stream.go:89.3,89.29 1 0
github.com/jvalinsky/mr_valinskys_adequate_bridge/internal/ssb/muxrpc/stream.go:91.20,94.23 3 0
github.com/jvalinsky/mr_valinskys_adequate_bridge/internal/ssb/muxrpc/stream.go:94.23,96.4 1 0
github.com/jvalinsky/mr_valinskys_adequate_bridge/internal/ssb/muxrpc/stream.go:97.3,97.15 1 0
github.com/jvalinsky/mr_valinskys_adequate_bridge/internal/ssb/muxrpc/stream.go:99.19,100.29 1 0
github.com/jvalinsky/mr_valinskys_adequate_bridge/internal/ssb/muxrpc/stream.go:102.30,103.14 1 0
github.com/jvalinsky/mr_valinskys_adequate_bridge/internal/ssb/muxrpc/stream.go:107.47,111.24 3 0
github.com/jvalinsky/mr_valinskys_adequate_bridge/internal/ssb/muxrpc/stream.go:111.24,112.23 1 0
github.com/jvalinsky/mr_valinskys_adequate_bridge/internal/ssb/muxrpc/stream.go:112.23,114.4 1 0
github.com/jvalinsky/mr_valinskys_adequate_bridge/internal/ssb/muxrpc/stream.go:117.3,118.37 2 0
github.com/jvalinsky/mr_valinskys_adequate_bridge/internal/ssb/muxrpc/stream.go:118.37,121.4 2 0
github.com/jvalinsky/mr_valinskys_adequate_bridge/internal/ssb/muxrpc/stream.go:122.3,122.15 1 0
github.com/jvalinsky/mr_valinskys_adequate_bridge/internal/ssb/muxrpc/stream.go:125.2,126.16 2 0
github.com/jvalinsky/mr_valinskys_adequate_bridge/internal/ssb/muxrpc/stream.go:126.16,128.3 1 0
github.com/jvalinsky/mr_valinskys_adequate_bridge/internal/ssb/muxrpc/stream.go:130.2,132.15 3 0
github.com/jvalinsky/mr_valinskys_adequate_bridge/internal/ssb/muxrpc/stream.go:135.44,137.2 1 0
github.com/jvalinsky/mr_valinskys_adequate_bridge/internal/ssb/muxrpc/stream.go:139.58,141.2 1 0
github.com/jvalinsky/mr_valinskys_adequate_bridge/internal/ssb/muxrpc/stream.go:147.50,151.22 3 0
github.com/jvalinsky/mr_valinskys_adequate_bridge/internal/ssb/muxrpc/stream.go:151.22,153.3 1 0
github.com/jvalinsky/mr_valinskys_adequate_bridge/internal/ssb/muxrpc/stream.go:155.2,156.16 2 0
github.com/jvalinsky/mr_valinskys_adequate_bridge/internal/ssb/muxrpc/stream.go:156.16,158.3 1 0
github.com/jvalinsky/mr_valinskys_adequate_bridge/internal/ssb/muxrpc/stream.go:160.2,160.12 1 0
github.com/jvalinsky/mr_valinskys_adequate_bridge/internal/ssb/muxrpc/stream.go:175.44,181.2 1 0
github.com/jvalinsky/mr_valinskys_adequate_bridge/internal/ssb/muxrpc/stream.go:183.56,191.2 1 0
github.com/jvalinsky/mr_valinskys_adequate_bridge/internal/ssb/muxrpc/stream.go:193.41,197.2 3 0
github.com/jvalinsky/mr_valinskys_adequate_bridge/internal/ssb/muxrpc/stream.go:199.54,203.2 3 0
github.com/jvalinsky/mr_valinskys_adequate_bridge/internal/ssb/muxrpc/stream.go:205.50,209.15 3 0
github.com/jvalinsky/mr_valinskys_adequate_bridge/internal/ssb/muxrpc/stream.go:209.15,211.3 1 0
github.com/jvalinsky/mr_valinskys_adequate_bridge/internal/ssb/muxrpc/stream.go:213.2,214.20 2 0
github.com/jvalinsky/mr_valinskys_adequate_bridge/internal/ssb/muxrpc/stream.go:217.35,221.15 3 0
github.com/jvalinsky/mr_valinskys_adequate_bridge/internal/ssb/muxrpc/stream.go:221.15,223.3 1 0
github.com/jvalinsky/mr_valinskys_adequate_bridge/internal/ssb/muxrpc/stream.go:224.2,225.35 2 0
github.com/jvalinsky/mr_valinskys_adequate_bridge/internal/ssb/muxrpc/stream.go:225.35,227.17 2 0
github.com/jvalinsky/mr_valinskys_adequate_bridge/internal/ssb/muxrpc/stream.go:227.17,230.4 2 0
github.com/jvalinsky/mr_valinskys_adequate_bridge/internal/ssb/muxrpc/stream.go:232.3,237.40 2 0
github.com/jvalinsky/mr_valinskys_adequate_bridge/internal/ssb/muxrpc/stream.go:240.2,240.20 1 0
github.com/jvalinsky/mr_valinskys_adequate_bridge/internal/ssb/muxrpc/stream.go:243.53,247.15 3 0
github.com/jvalinsky/mr_valinskys_adequate_bridge/internal/ssb/muxrpc/stream.go:247.15,249.3 1 0
github.com/jvalinsky/mr_valinskys_adequate_bridge/internal/ssb/muxrpc/stream.go:250.2,253.35 3 0
github.com/jvalinsky/mr_valinskys_adequate_bridge/internal/ssb/muxrpc/stream.go:253.35,261.3 3 0
github.com/jvalinsky/mr_valinskys_adequate_bridge/internal/ssb/muxrpc/stream.go:263.2,263.20 1 0
github.com/jvalinsky/mr_valinskys_adequate_bridge/internal/ssb/muxrpc/stream.go:266.52,270.15 3 0
github.com/jvalinsky/mr_valinskys_adequate_bridge/internal/ssb/muxrpc/stream.go:270.15,272.3 1 0
github.com/jvalinsky/mr_valinskys_adequate_bridge/internal/ssb/muxrpc/stream.go:274.2,275.12 2 0
github.com/jvalinsky/mr_valinskys_adequate_bridge/internal/ssb/muxrpc/stream.go:278.36,282.2 3 0
github.com/jvalinsky/mr_valinskys_adequate_bridge/internal/ssb/muxrpc/stream.go:284.38,286.2 1 0
github.com/jvalinsky/mr_valinskys_adequate_bridge/internal/ssb/muxrpc/stream.go:296.50,298.2 1 0
github.com/jvalinsky/mr_valinskys_adequate_bridge/internal/ssb/muxrpc/stream.go:300.53,301.19 1 0
github.com/jvalinsky/mr_valinskys_adequate_bridge/internal/ssb/muxrpc/stream.go:301.19,303.3 1 0
github.com/jvalinsky/mr_valinskys_adequate_bridge/internal/ssb/muxrpc/stream.go:304.2,304.23 1 0
github.com/jvalinsky/mr_valinskys_adequate_bridge/internal/ssb/muxrpc/stream.go:307.54,308.22 1 0
github.com/jvalinsky/mr_valinskys_adequate_bridge/internal/ssb/muxrpc/stream.go:308.22,310.3 1 0
github.com/jvalinsky/mr_valinskys_adequate_bridge/internal/ssb/muxrpc/stream.go:312.2,319.16 4 0
github.com/jvalinsky/mr_valinskys_adequate_bridge/internal/ssb/muxrpc/stream.go:319.16,321.3 1 0
github.com/jvalinsky/mr_valinskys_adequate_bridge/internal/ssb/muxrpc/stream.go:322.2,322.20 1 0
github.com/jvalinsky/mr_valinskys_adequate_bridge/internal/ssb/muxrpc/stream.go:325.40,326.19 1 0
github.com/jvalinsky/mr_valinskys_adequate_bridge/internal/ssb/muxrpc/stream.go:326.19,328.3 1 0
github.com/jvalinsky/mr_valinskys_adequate_bridge/internal/ssb/muxrpc/stream.go:329.2,329.23 1 0
github.com/jvalinsky/mr_valinskys_adequate_bridge/internal/ssb/muxrpc/stream.go:346.40,348.2 1 0
github.com/jvalinsky/mr_valinskys_adequate_bridge/internal/ssb/muxrpc/stream.go:350.53,361.33 8 0
github.com/jvalinsky/mr_valinskys_adequate_bridge/internal/ssb/muxrpc/stream.go:361.33,362.33 1 0
github.com/jvalinsky/mr_valinskys_adequate_bridge/internal/ssb/muxrpc/stream.go:362.33,364.4 1 0
github.com/jvalinsky/mr_valinskys_adequate_bridge/internal/ssb/muxrpc/stream.go:365.3,365.42 1 0
github.com/jvalinsky/mr_valinskys_adequate_bridge/internal/ssb/muxrpc/stream.go:367.2,367.12 1 0
github.com/jvalinsky/mr_valinskys_adequate_bridge/internal/ssb/muxrpc/stream.go:370.68,378.16 6 0
github.com/jvalinsky/mr_valinskys_adequate_bridge/internal/ssb/muxrpc/stream.go:378.16,380.3 1 0
github.com/jvalinsky/mr_valinskys_adequate_bridge/internal/ssb/muxrpc/stream.go:382.2,382.30 1 0
github.com/jvalinsky/mr_valinskys_adequate_bridge/internal/ssb/muxrpc/stream.go:382.30,384.3 1 0
github.com/jvalinsky/mr_valinskys_adequate_bridge/internal/ssb/muxrpc/stream.go:386.2,388.33 2 0
github.com/jvalinsky/mr_valinskys_adequate_bridge/internal/ssb/muxrpc/stream.go:388.33,389.33 1 0
github.com/jvalinsky/mr_valinskys_adequate_bridge/internal/ssb/muxrpc/stream.go:389.33,391.4 1 0
github.com/jvalinsky/mr_valinskys_adequate_bridge/internal/ssb/muxrpc/stream.go:392.3,392.42 1 0
github.com/jvalinsky/mr_valinskys_adequate_bridge/internal/ssb/muxrpc/stream.go:394.2,394.12 1 0
github.com/jvalinsky/mr_valinskys_adequate_bridge/internal/ssb/muxrpc/stream.go:397.54,402.19 4 0
github.com/jvalinsky/mr_valinskys_adequate_bridge/internal/ssb/muxrpc/stream.go:402.19,405.3 2 0
github.com/jvalinsky/mr_valinskys_adequate_bridge/internal/ssb/muxrpc/stream.go:407.2,408.11 2 0
github.com/jvalinsky/mr_valinskys_adequate_bridge/internal/ssb/muxrpc/stream.go:411.72,415.31 3 0
github.com/jvalinsky/mr_valinskys_adequate_bridge/internal/ssb/muxrpc/stream.go:415.31,417.15 2 0
github.com/jvalinsky/mr_valinskys_adequate_bridge/internal/ssb/muxrpc/stream.go:417.15,419.4 1 0
github.com/jvalinsky/mr_valinskys_adequate_bridge/internal/ssb/muxrpc/stream.go:422.2,423.16 2 0
github.com/jvalinsky/mr_valinskys_adequate_bridge/internal/ssb/muxrpc/stream.go:423.16,425.3 1 0
github.com/jvalinsky/mr_valinskys_adequate_bridge/internal/ssb/muxrpc/stream.go:426.2,437.24 6 0
github.com/jvalinsky/mr_valinskys_adequate_bridge/internal/ssb/muxrpc/stream.go:446.55,448.25 2 0
github.com/jvalinsky/mr_valinskys_adequate_bridge/internal/ssb/muxrpc/stream.go:448.25,450.3 1 0
github.com/jvalinsky/mr_valinskys_adequate_bridge/internal/ssb/muxrpc/stream.go:451.2,451.15 1 0
